mode: set
music-service/internal/models/user_model.go:25.36,26.11 1 0
music-service/internal/models/user_model.go:27.39,28.14 1 0
music-service/internal/models/user_model.go:29.10,30.15 1 0
music-service/internal/repository/interfaces/mocks/album_repository_mock.go:27.75,31.2 3 0
music-service/internal/repository/interfaces/mocks/album_repository_mock.go:34.73,36.2 1 0
music-service/internal/repository/interfaces/mocks/album_repository_mock.go:39.81,44.2 4 0
music-service/internal/repository/interfaces/mocks/album_repository_mock.go:47.103,50.2 2 0
music-service/internal/repository/interfaces/mocks/album_repository_mock.go:53.58,58.2 4 0
music-service/internal/repository/interfaces/mocks/album_repository_mock.go:61.80,64.2 2 0
music-service/internal/repository/interfaces/mocks/album_repository_mock.go:67.77,73.2 5 0
music-service/internal/repository/interfaces/mocks/album_repository_mock.go:76.82,79.2 2 0
music-service/internal/repository/interfaces/mocks/album_repository_mock.go:82.85,88.2 5 0
music-service/internal/repository/interfaces/mocks/album_repository_mock.go:91.88,94.2 2 0
music-service/internal/repository/interfaces/mocks/album_repository_mock.go:97.66,103.2 5 0
music-service/internal/repository/interfaces/mocks/album_repository_mock.go:106.67,109.2 2 0
music-service/internal/repository/interfaces/mocks/album_repository_mock.go:112.86,117.2 4 0
music-service/internal/repository/interfaces/mocks/album_repository_mock.go:120.108,123.2 2 0
music-service/internal/repository/interfaces/mocks/album_repository_mock.go:126.63,131.2 4 0
music-service/internal/repository/interfaces/mocks/album_repository_mock.go:134.81,137.2 2 0
music-service/internal/repository/interfaces/mocks/genre_repository_mock.go:27.75,31.2 3 0
music-service/internal/repository/interfaces/mocks/genre_repository_mock.go:34.73,36.2 1 0
music-service/internal/repository/interfaces/mocks/genre_repository_mock.go:39.81,44.2 4 0
music-service/internal/repository/interfaces/mocks/genre_repository_mock.go:47.103,50.2 2 0
music-service/internal/repository/interfaces/mocks/genre_repository_mock.go:53.58,58.2 4 0
music-service/internal/repository/interfaces/mocks/genre_repository_mock.go:61.80,64.2 2 0
music-service/internal/repository/interfaces/mocks/genre_repository_mock.go:67.77,73.2 5 0
music-service/internal/repository/interfaces/mocks/genre_repository_mock.go:76.82,79.2 2 0
music-service/internal/repository/interfaces/mocks/genre_repository_mock.go:82.93,88.2 5 0
music-service/internal/repository/interfaces/mocks/genre_repository_mock.go:91.96,94.2 2 0
music-service/internal/repository/interfaces/mocks/genre_repository_mock.go:97.66,103.2 5 0
music-service/internal/repository/interfaces/mocks/genre_repository_mock.go:106.67,109.2 2 0
music-service/internal/repository/interfaces/mocks/genre_repository_mock.go:112.86,117.2 4 0
music-service/internal/repository/interfaces/mocks/genre_repository_mock.go:120.108,123.2 2 0
music-service/internal/repository/interfaces/mocks/genre_repository_mock.go:126.63,131.2 4 0
music-service/internal/repository/interfaces/mocks/genre_repository_mock.go:134.81,137.2 2 0
music-service/internal/repository/interfaces/mocks/history_repository_mock.go:27.79,31.2 3 0
music-service/internal/repository/interfaces/mocks/history_repository_mock.go:34.77,36.2 1 0
music-service/internal/repository/interfaces/mocks/history_repository_mock.go:39.75,44.2 4 0
music-service/internal/repository/interfaces/mocks/history_repository_mock.go:47.97,50.2 2 0
music-service/internal/repository/interfaces/mocks/history_repository_mock.go:53.98,59.2 5 0
music-service/internal/repository/interfaces/mocks/history_repository_mock.go:62.90,65.2 2 0
music-service/internal/repository/interfaces/mocks/playlist_repository_mock.go:27.81,31.2 3 0
music-service/internal/repository/interfaces/mocks/playlist_repository_mock.go:34.79,36.2 1 0
music-service/internal/repository/interfaces/mocks/playlist_repository_mock.go:39.80,44.2 4 0
music-service/internal/repository/interfaces/mocks/playlist_repository_mock.go:47.102,50.2 2 0
music-service/internal/repository/interfaces/mocks/playlist_repository_mock.go:53.61,58.2 4 0
music-service/internal/repository/interfaces/mocks/playlist_repository_mock.go:61.83,64.2 2 0
music-service/internal/repository/interfaces/mocks/playlist_repository_mock.go:67.83,73.2 5 0
music-service/internal/repository/interfaces/mocks/playlist_repository_mock.go:76.85,79.2 2 0
music-service/internal/repository/interfaces/mocks/playlist_repository_mock.go:82.91,88.2 5 0
music-service/internal/repository/interfaces/mocks/playlist_repository_mock.go:91.94,94.2 2 0
music-service/internal/repository/interfaces/mocks/playlist_repository_mock.go:97.97,103.2 5 0
music-service/internal/repository/interfaces/mocks/playlist_repository_mock.go:106.97,109.2 2 0
music-service/internal/repository/interfaces/mocks/playlist_repository_mock.go:112.83,117.2 4 0
music-service/internal/repository/interfaces/mocks/playlist_repository_mock.go:120.105,123.2 2 0
music-service/internal/repository/interfaces/mocks/playlist_repository_mock.go:126.72,131.2 4 0
music-service/internal/repository/interfaces/mocks/playlist_repository_mock.go:134.87,137.2 2 0
music-service/internal/repository/interfaces/mocks/session_repository_mock.go:27.79,31.2 3 0
music-service/internal/repository/interfaces/mocks/session_repository_mock.go:34.77,36.2 1 0
music-service/internal/repository/interfaces/mocks/session_repository_mock.go:39.90,45.2 5 0
music-service/internal/repository/interfaces/mocks/session_repository_mock.go:48.93,51.2 2 0
music-service/internal/repository/interfaces/mocks/session_repository_mock.go:54.74,59.2 4 0
music-service/internal/repository/interfaces/mocks/session_repository_mock.go:62.96,65.2 2 0
music-service/internal/repository/interfaces/mocks/session_repository_mock.go:68.71,73.2 4 0
music-service/internal/repository/interfaces/mocks/session_repository_mock.go:76.96,79.2 2 0
music-service/internal/repository/interfaces/mocks/session_repository_mock.go:82.87,88.2 5 0
music-service/internal/repository/interfaces/mocks/session_repository_mock.go:91.93,94.2 2 0
music-service/internal/repository/interfaces/mocks/track_repository_mock.go:27.75,31.2 3 0
music-service/internal/repository/interfaces/mocks/track_repository_mock.go:34.73,36.2 1 0
music-service/internal/repository/interfaces/mocks/track_repository_mock.go:39.58,44.2 4 0
music-service/internal/repository/interfaces/mocks/track_repository_mock.go:47.80,50.2 2 0
music-service/internal/repository/interfaces/mocks/track_repository_mock.go:53.77,59.2 5 0
music-service/internal/repository/interfaces/mocks/track_repository_mock.go:62.82,65.2 2 0
music-service/internal/repository/interfaces/mocks/track_repository_mock.go:68.75,73.2 4 0
music-service/internal/repository/interfaces/mocks/track_repository_mock.go:76.97,79.2 2 0
music-service/internal/repository/interfaces/mocks/track_repository_mock.go:82.63,87.2 4 0
music-service/internal/repository/interfaces/mocks/track_repository_mock.go:90.81,93.2 2 0
music-service/internal/repository/interfaces/mocks/track_repository_mock.go:96.77,102.2 5 0
music-service/internal/repository/interfaces/mocks/track_repository_mock.go:105.83,108.2 2 0
music-service/internal/repository/interfaces/mocks/user_repository_mock.go:27.73,31.2 3 0
music-service/internal/repository/interfaces/mocks/user_repository_mock.go:34.71,36.2 1 0
music-service/internal/repository/interfaces/mocks/user_repository_mock.go:39.57,44.2 4 0
music-service/internal/repository/interfaces/mocks/user_repository_mock.go:47.79,50.2 2 0
music-service/internal/repository/interfaces/mocks/user_repository_mock.go:53.75,59.2 5 0
music-service/internal/repository/interfaces/mocks/user_repository_mock.go:62.81,65.2 2 0
music-service/internal/repository/interfaces/mocks/user_repository_mock.go:68.60,73.2 4 0
music-service/internal/repository/interfaces/mocks/user_repository_mock.go:76.79,79.2 2 0
music-service/internal/repository/interfaces/mocks/user_repository_mock.go:82.75,88.2 5 0
music-service/internal/repository/interfaces/mocks/user_repository_mock.go:91.82,94.2 2 0
music-service/internal/usecases/album_usecase.go:25.34,30.2 1 0
music-service/internal/usecases/album_usecase.go:32.114,34.39 2 0
music-service/internal/usecases/album_usecase.go:34.39,36.3 1 0
music-service/internal/usecases/album_usecase.go:37.2,37.41 1 0
music-service/internal/usecases/album_usecase.go:37.41,39.3 1 0
music-service/internal/usecases/album_usecase.go:41.2,41.55 1 0
music-service/internal/usecases/album_usecase.go:41.55,43.3 1 0
music-service/internal/usecases/album_usecase.go:45.2,45.20 1 0
music-service/internal/usecases/album_usecase.go:45.20,46.58 1 0
music-service/internal/usecases/album_usecase.go:46.58,48.4 1 0
music-service/internal/usecases/album_usecase.go:51.2,52.16 2 0
music-service/internal/usecases/album_usecase.go:52.16,54.3 1 0
music-service/internal/usecases/album_usecase.go:56.2,56.35 1 0
music-service/internal/usecases/album_usecase.go:56.35,57.40 1 0
music-service/internal/usecases/album_usecase.go:57.40,59.4 1 0
music-service/internal/usecases/album_usecase.go:62.2,70.49 2 0
music-service/internal/usecases/album_usecase.go:70.49,72.3 1 0
music-service/internal/usecases/album_usecase.go:74.2,74.19 1 0
music-service/internal/usecases/album_usecase.go:77.75,79.16 2 0
music-service/internal/usecases/album_usecase.go:79.16,81.3 1 0
music-service/internal/usecases/album_usecase.go:83.2,84.16 2 0
music-service/internal/usecases/album_usecase.go:84.16,86.3 1 0
music-service/internal/usecases/album_usecase.go:88.2,88.59 1 0
music-service/internal/usecases/album_usecase.go:88.59,90.3 1 0
music-service/internal/usecases/album_usecase.go:92.2,93.16 2 0
music-service/internal/usecases/album_usecase.go:93.16,95.3 1 0
music-service/internal/usecases/album_usecase.go:97.2,97.27 1 0
music-service/internal/usecases/album_usecase.go:97.27,98.22 1 0
music-service/internal/usecases/album_usecase.go:98.22,100.4 1 0
music-service/internal/usecases/album_usecase.go:103.2,103.23 1 0
music-service/internal/usecases/album_usecase.go:103.23,105.3 1 0
music-service/internal/usecases/album_usecase.go:107.2,107.71 1 0
music-service/internal/usecases/album_usecase.go:107.71,109.3 1 0
music-service/internal/usecases/album_usecase.go:111.2,112.49 2 0
music-service/internal/usecases/album_usecase.go:112.49,114.3 1 0
music-service/internal/usecases/album_usecase.go:116.2,117.33 2 0
music-service/internal/usecases/album_usecase.go:120.80,122.16 2 0
music-service/internal/usecases/album_usecase.go:122.16,124.3 1 0
music-service/internal/usecases/album_usecase.go:126.2,127.16 2 0
music-service/internal/usecases/album_usecase.go:127.16,129.3 1 0
music-service/internal/usecases/album_usecase.go:131.2,131.30 1 0
music-service/internal/usecases/album_usecase.go:131.30,133.3 1 0
music-service/internal/usecases/album_usecase.go:135.2,135.76 1 0
music-service/internal/usecases/album_usecase.go:135.76,137.3 1 0
music-service/internal/usecases/album_usecase.go:139.2,140.49 2 0
music-service/internal/usecases/album_usecase.go:140.49,142.3 1 0
music-service/internal/usecases/album_usecase.go:144.2,145.33 2 0
music-service/internal/usecases/album_usecase.go:148.100,150.16 2 0
music-service/internal/usecases/album_usecase.go:150.16,152.3 1 0
music-service/internal/usecases/album_usecase.go:154.2,155.16 2 0
music-service/internal/usecases/album_usecase.go:155.16,157.3 1 0
music-service/internal/usecases/album_usecase.go:159.2,161.27 2 0
music-service/internal/usecases/album_usecase.go:164.113,166.16 2 0
music-service/internal/usecases/album_usecase.go:166.16,168.3 1 0
music-service/internal/usecases/album_usecase.go:170.2,170.17 1 0
music-service/internal/usecases/album_usecase.go:170.17,172.40 2 0
music-service/internal/usecases/album_usecase.go:172.40,174.4 1 0
music-service/internal/usecases/album_usecase.go:175.3,175.42 1 0
music-service/internal/usecases/album_usecase.go:175.42,177.4 1 0
music-service/internal/usecases/album_usecase.go:178.3,178.22 1 0
music-service/internal/usecases/album_usecase.go:181.2,181.20 1 0
music-service/internal/usecases/album_usecase.go:181.20,182.58 1 0
music-service/internal/usecases/album_usecase.go:182.58,184.4 1 0
music-service/internal/usecases/album_usecase.go:185.3,185.28 1 0
music-service/internal/usecases/album_usecase.go:188.2,188.27 1 0
music-service/internal/usecases/album_usecase.go:188.27,189.56 1 0
music-service/internal/usecases/album_usecase.go:189.56,191.4 1 0
music-service/internal/usecases/album_usecase.go:192.3,192.34 1 0
music-service/internal/usecases/album_usecase.go:195.2,196.33 2 0
music-service/internal/usecases/album_usecase.go:199.41,200.37 1 0
music-service/internal/usecases/album_usecase.go:200.37,201.40 1 0
music-service/internal/usecases/album_usecase.go:201.40,202.53 1 0
music-service/internal/usecases/album_usecase.go:202.53,204.5 1 0
music-service/internal/usecases/genre_usecase.go:23.34,28.2 1 0
music-service/internal/usecases/genre_usecase.go:30.73,32.38 2 0
music-service/internal/usecases/genre_usecase.go:32.38,34.3 1 0
music-service/internal/usecases/genre_usecase.go:35.2,35.39 1 0
music-service/internal/usecases/genre_usecase.go:35.39,37.3 1 0
music-service/internal/usecases/genre_usecase.go:38.2,39.16 2 0
music-service/internal/usecases/genre_usecase.go:39.16,41.3 1 0
music-service/internal/usecases/genre_usecase.go:42.2,42.35 1 0
music-service/internal/usecases/genre_usecase.go:42.35,43.38 1 0
music-service/internal/usecases/genre_usecase.go:43.38,45.4 1 0
music-service/internal/usecases/genre_usecase.go:47.2,50.49 2 0
music-service/internal/usecases/genre_usecase.go:50.49,52.3 1 0
music-service/internal/usecases/genre_usecase.go:53.2,53.19 1 0
music-service/internal/usecases/genre_usecase.go:56.86,57.58 1 0
music-service/internal/usecases/genre_usecase.go:57.58,59.3 1 0
music-service/internal/usecases/genre_usecase.go:60.2,61.16 2 0
music-service/internal/usecases/genre_usecase.go:61.16,63.3 1 0
music-service/internal/usecases/genre_usecase.go:64.2,64.20 1 0
music-service/internal/usecases/genre_usecase.go:67.66,69.16 2 0
music-service/internal/usecases/genre_usecase.go:69.16,71.3 1 0
music-service/internal/usecases/genre_usecase.go:73.2,73.37 1 0
music-service/internal/usecases/genre_usecase.go:73.37,74.40 1 0
music-service/internal/usecases/genre_usecase.go:74.40,75.59 1 0
music-service/internal/usecases/genre_usecase.go:75.59,77.5 1 0
music-service/internal/usecases/genre_usecase.go:81.2,81.20 1 0
music-service/internal/usecases/genre_usecase.go:84.78,85.58 1 0
music-service/internal/usecases/genre_usecase.go:85.58,87.3 1 0
music-service/internal/usecases/genre_usecase.go:88.2,88.58 1 0
music-service/internal/usecases/genre_usecase.go:88.58,90.3 1 0
music-service/internal/usecases/genre_usecase.go:91.2,92.16 2 0
music-service/internal/usecases/genre_usecase.go:92.16,94.3 1 0
music-service/internal/usecases/genre_usecase.go:95.2,95.34 1 0
music-service/internal/usecases/genre_usecase.go:95.34,96.22 1 0
music-service/internal/usecases/genre_usecase.go:96.22,98.4 1 0
music-service/internal/usecases/genre_usecase.go:100.2,100.29 1 0
music-service/internal/usecases/genre_usecase.go:100.29,102.3 1 0
music-service/internal/usecases/genre_usecase.go:104.2,104.71 1 0
music-service/internal/usecases/genre_usecase.go:104.71,106.3 1 0
music-service/internal/usecases/genre_usecase.go:108.2,108.12 1 0
music-service/internal/usecases/genre_usecase.go:111.80,113.16 2 0
music-service/internal/usecases/genre_usecase.go:113.16,115.3 1 0
music-service/internal/usecases/genre_usecase.go:117.2,118.27 2 0
music-service/internal/usecases/genre_usecase.go:118.27,119.22 1 0
music-service/internal/usecases/genre_usecase.go:119.22,121.9 2 0
music-service/internal/usecases/genre_usecase.go:125.2,125.12 1 0
music-service/internal/usecases/genre_usecase.go:125.12,127.3 1 0
music-service/internal/usecases/genre_usecase.go:129.2,129.76 1 0
music-service/internal/usecases/genre_usecase.go:129.76,131.3 1 0
music-service/internal/usecases/genre_usecase.go:133.2,133.12 1 0
music-service/internal/usecases/history_usecase.go:23.36,28.2 1 0
music-service/internal/usecases/history_usecase.go:30.85,32.16 2 0
music-service/internal/usecases/history_usecase.go:32.16,34.3 1 0
music-service/internal/usecases/history_usecase.go:35.2,35.25 1 0
music-service/internal/usecases/history_usecase.go:35.25,37.3 1 0
music-service/internal/usecases/history_usecase.go:39.2,40.16 2 0
music-service/internal/usecases/history_usecase.go:40.16,42.3 1 0
music-service/internal/usecases/history_usecase.go:44.2,45.32 2 0
music-service/internal/usecases/history_usecase.go:45.32,46.79 1 0
music-service/internal/usecases/history_usecase.go:46.79,48.24 2 0
music-service/internal/usecases/history_usecase.go:48.24,50.5 1 0
music-service/internal/usecases/history_usecase.go:54.2,54.65 1 0
music-service/internal/usecases/history_usecase.go:54.65,56.3 1 0
music-service/internal/usecases/history_usecase.go:58.2,58.12 1 0
music-service/internal/usecases/history_usecase.go:61.96,63.16 2 0
music-service/internal/usecases/history_usecase.go:63.16,65.3 1 0
music-service/internal/usecases/history_usecase.go:67.2,67.42 1 0
music-service/internal/usecases/history_usecase.go:67.42,69.3 1 0
music-service/internal/usecases/history_usecase.go:71.2,72.36 2 0
music-service/internal/usecases/history_usecase.go:72.36,74.3 1 0
music-service/internal/usecases/history_usecase.go:76.2,76.21 1 0
music-service/internal/usecases/history_usecase.go:79.118,81.16 2 0
music-service/internal/usecases/history_usecase.go:81.16,83.3 1 0
music-service/internal/usecases/history_usecase.go:85.2,88.32 3 0
music-service/internal/usecases/history_usecase.go:88.32,89.42 1 0
music-service/internal/usecases/history_usecase.go:89.42,91.4 1 0
music-service/internal/usecases/history_usecase.go:94.2,94.20 1 0
music-service/internal/usecases/playlist_usecase.go:24.37,30.2 1 0
music-service/internal/usecases/playlist_usecase.go:32.113,33.56 1 0
music-service/internal/usecases/playlist_usecase.go:33.56,35.3 1 0
music-service/internal/usecases/playlist_usecase.go:37.2,37.19 1 0
music-service/internal/usecases/playlist_usecase.go:37.19,39.3 1 0
music-service/internal/usecases/playlist_usecase.go:40.2,40.21 1 0
music-service/internal/usecases/playlist_usecase.go:40.21,42.3 1 0
music-service/internal/usecases/playlist_usecase.go:43.2,43.28 1 0
music-service/internal/usecases/playlist_usecase.go:43.28,45.3 1 0
music-service/internal/usecases/playlist_usecase.go:47.2,56.55 2 0
music-service/internal/usecases/playlist_usecase.go:56.55,58.3 1 0
music-service/internal/usecases/playlist_usecase.go:60.2,60.22 1 0
music-service/internal/usecases/playlist_usecase.go:63.84,65.16 2 0
music-service/internal/usecases/playlist_usecase.go:65.16,67.3 1 0
music-service/internal/usecases/playlist_usecase.go:69.2,69.58 1 0
music-service/internal/usecases/playlist_usecase.go:69.58,71.3 1 0
music-service/internal/usecases/playlist_usecase.go:73.2,74.16 2 0
music-service/internal/usecases/playlist_usecase.go:74.16,76.3 1 0
music-service/internal/usecases/playlist_usecase.go:78.2,78.27 1 0
music-service/internal/usecases/playlist_usecase.go:78.27,79.22 1 0
music-service/internal/usecases/playlist_usecase.go:79.22,81.4 1 0
music-service/internal/usecases/playlist_usecase.go:84.2,84.25 1 0
music-service/internal/usecases/playlist_usecase.go:84.25,86.3 1 0
music-service/internal/usecases/playlist_usecase.go:88.2,88.70 1 0
music-service/internal/usecases/playlist_usecase.go:88.70,90.3 1 0
music-service/internal/usecases/playlist_usecase.go:92.2,93.39 2 0
music-service/internal/usecases/playlist_usecase.go:96.89,98.16 2 0
music-service/internal/usecases/playlist_usecase.go:98.16,100.3 1 0
music-service/internal/usecases/playlist_usecase.go:102.2,103.16 2 0
music-service/internal/usecases/playlist_usecase.go:103.16,105.3 1 0
music-service/internal/usecases/playlist_usecase.go:107.2,108.27 2 0
music-service/internal/usecases/playlist_usecase.go:108.27,109.22 1 0
music-service/internal/usecases/playlist_usecase.go:109.22,111.9 2 0
music-service/internal/usecases/playlist_usecase.go:115.2,115.12 1 0
music-service/internal/usecases/playlist_usecase.go:115.12,117.3 1 0
music-service/internal/usecases/playlist_usecase.go:119.2,119.73 1 0
music-service/internal/usecases/playlist_usecase.go:119.73,121.3 1 0
music-service/internal/usecases/playlist_usecase.go:123.2,124.39 2 0
music-service/internal/usecases/playlist_usecase.go:127.99,129.16 2 0
music-service/internal/usecases/playlist_usecase.go:129.16,131.3 1 0
music-service/internal/usecases/playlist_usecase.go:133.2,133.19 1 0
music-service/internal/usecases/playlist_usecase.go:133.19,134.20 1 0
music-service/internal/usecases/playlist_usecase.go:134.20,136.4 1 0
music-service/internal/usecases/playlist_usecase.go:137.3,137.22 1 0
music-service/internal/usecases/playlist_usecase.go:137.22,139.4 1 0
music-service/internal/usecases/playlist_usecase.go:140.3,140.23 1 0
music-service/internal/usecases/playlist_usecase.go:143.2,143.26 1 0
music-service/internal/usecases/playlist_usecase.go:143.26,144.29 1 0
music-service/internal/usecases/playlist_usecase.go:144.29,146.4 1 0
music-service/internal/usecases/playlist_usecase.go:147.3,147.37 1 0
music-service/internal/usecases/playlist_usecase.go:150.2,151.39 2 0
music-service/internal/usecases/playlist_usecase.go:154.93,155.64 1 0
music-service/internal/usecases/playlist_usecase.go:155.64,157.3 1 0
music-service/internal/usecases/playlist_usecase.go:159.2,160.16 2 0
music-service/internal/usecases/playlist_usecase.go:160.16,162.3 1 0
music-service/internal/usecases/playlist_usecase.go:164.2,164.20 1 0
music-service/internal/usecases/playlist_usecase.go:167.103,169.16 2 0
music-service/internal/usecases/playlist_usecase.go:169.16,171.3 1 0
music-service/internal/usecases/playlist_usecase.go:173.2,174.16 2 0
music-service/internal/usecases/playlist_usecase.go:174.16,176.3 1 0
music-service/internal/usecases/playlist_usecase.go:178.2,181.8 1 0
music-service/internal/usecases/track_usecase.go:24.34,30.2 1 0
music-service/internal/usecases/track_usecase.go:32.77,33.20 1 0
music-service/internal/usecases/track_usecase.go:33.20,35.3 1 0
music-service/internal/usecases/track_usecase.go:37.2,38.16 2 0
music-service/internal/usecases/track_usecase.go:38.16,40.3 1 0
music-service/internal/usecases/track_usecase.go:42.2,42.20 1 0
music-service/internal/usecases/track_usecase.go:45.68,47.16 2 0
music-service/internal/usecases/track_usecase.go:47.16,49.3 1 0
music-service/internal/usecases/track_usecase.go:50.2,50.31 1 0
music-service/internal/usecases/track_usecase.go:50.31,51.65 1 0
music-service/internal/usecases/track_usecase.go:51.65,53.4 1 0
music-service/internal/usecases/track_usecase.go:55.2,55.65 1 0
music-service/internal/usecases/track_usecase.go:55.65,57.3 1 0
music-service/internal/usecases/track_usecase.go:59.2,59.12 1 0
music-service/internal/usecases/track_usecase.go:59.12,61.3 1 0
music-service/internal/usecases/track_usecase.go:63.2,63.12 1 0
music-service/internal/usecases/track_usecase.go:66.83,68.16 2 0
music-service/internal/usecases/track_usecase.go:68.16,70.3 1 0
music-service/internal/usecases/track_usecase.go:71.2,71.19 1 0
music-service/internal/usecases/track_usecase.go:74.103,76.16 2 0
music-service/internal/usecases/track_usecase.go:76.16,78.3 1 0
music-service/internal/usecases/track_usecase.go:80.2,80.64 1 0
music-service/internal/usecases/track_usecase.go:80.64,81.23 1 0
music-service/internal/usecases/track_usecase.go:81.23,83.4 1 0
music-service/internal/usecases/track_usecase.go:84.3,84.22 1 0
music-service/internal/usecases/track_usecase.go:87.2,87.72 1 0
music-service/internal/usecases/track_usecase.go:87.72,89.3 1 0
music-service/internal/usecases/track_usecase.go:91.2,91.80 1 0
music-service/internal/usecases/track_usecase.go:91.80,92.59 1 0
music-service/internal/usecases/track_usecase.go:92.59,94.4 1 0
music-service/internal/usecases/track_usecase.go:95.3,95.26 1 0
music-service/internal/usecases/track_usecase.go:98.2,99.33 2 0
music-service/internal/usecases/track_usecase.go:102.62,103.58 1 0
music-service/internal/usecases/track_usecase.go:103.58,105.3 1 0
music-service/internal/usecases/track_usecase.go:107.2,107.37 1 0
music-service/internal/usecases/track_usecase.go:110.41,114.2 3 0
music-service/internal/usecases/user_usecase.go:20.33,25.2 1 0
music-service/internal/usecases/user_usecase.go:27.79,28.20 1 0
music-service/internal/usecases/user_usecase.go:28.20,30.3 1 0
music-service/internal/usecases/user_usecase.go:31.2,31.23 1 0
music-service/internal/usecases/user_usecase.go:31.23,33.3 1 0
music-service/internal/usecases/user_usecase.go:35.2,36.16 2 0
music-service/internal/usecases/user_usecase.go:36.16,38.3 1 0
music-service/internal/usecases/user_usecase.go:39.2,39.20 1 0
music-service/internal/usecases/user_usecase.go:39.20,41.3 1 0
music-service/internal/usecases/user_usecase.go:43.2,49.47 2 0
music-service/internal/usecases/user_usecase.go:49.47,51.3 1 0
music-service/internal/usecases/user_usecase.go:53.2,53.18 1 0
music-service/internal/usecases/user_usecase.go:56.100,58.35 2 0
music-service/internal/usecases/user_usecase.go:58.35,60.3 1 0
music-service/internal/usecases/user_usecase.go:62.2,63.49 2 0
music-service/internal/usecases/user_usecase.go:63.49,65.3 1 0
music-service/internal/usecases/user_usecase.go:67.2,68.16 2 0
music-service/internal/usecases/user_usecase.go:68.16,70.3 1 0
music-service/internal/usecases/user_usecase.go:72.2,72.27 1 0
music-service/internal/usecases/user_usecase.go:75.79,77.2 1 0
music-service/internal/usecases/user_usecase.go:79.96,81.16 2 0
music-service/internal/usecases/user_usecase.go:81.16,83.3 1 0
music-service/internal/usecases/user_usecase.go:85.2,86.31 2 0
music-service/internal/usecases/user_usecase.go:89.59,90.64 1 0
music-service/internal/usecases/user_usecase.go:90.64,92.3 1 0
music-service/internal/usecases/user_usecase.go:93.2,93.35 1 0
music-service/internal/usecases/user_usecase.go:96.43,98.2 1 0
music-service/internal/usecases/user_usecase.go:100.52,102.2 1 0
music-service/internal/models/user_model.go:25.36,26.11 1 0
music-service/internal/models/user_model.go:27.39,28.14 1 0
music-service/internal/models/user_model.go:29.10,30.15 1 0
music-service/internal/repository/interfaces/mocks/album_repository_mock.go:27.75,31.2 3 1
music-service/internal/repository/interfaces/mocks/album_repository_mock.go:34.73,36.2 1 1
music-service/internal/repository/interfaces/mocks/album_repository_mock.go:39.81,44.2 4 1
music-service/internal/repository/interfaces/mocks/album_repository_mock.go:47.103,50.2 2 1
music-service/internal/repository/interfaces/mocks/album_repository_mock.go:53.58,58.2 4 0
music-service/internal/repository/interfaces/mocks/album_repository_mock.go:61.80,64.2 2 0
music-service/internal/repository/interfaces/mocks/album_repository_mock.go:67.77,73.2 5 1
music-service/internal/repository/interfaces/mocks/album_repository_mock.go:76.82,79.2 2 1
music-service/internal/repository/interfaces/mocks/album_repository_mock.go:82.85,88.2 5 1
music-service/internal/repository/interfaces/mocks/album_repository_mock.go:91.88,94.2 2 1
music-service/internal/repository/interfaces/mocks/album_repository_mock.go:97.66,103.2 5 1
music-service/internal/repository/interfaces/mocks/album_repository_mock.go:106.67,109.2 2 1
music-service/internal/repository/interfaces/mocks/album_repository_mock.go:112.86,117.2 4 1
music-service/internal/repository/interfaces/mocks/album_repository_mock.go:120.108,123.2 2 1
music-service/internal/repository/interfaces/mocks/album_repository_mock.go:126.63,131.2 4 1
music-service/internal/repository/interfaces/mocks/album_repository_mock.go:134.81,137.2 2 1
music-service/internal/repository/interfaces/mocks/genre_repository_mock.go:27.75,31.2 3 1
music-service/internal/repository/interfaces/mocks/genre_repository_mock.go:34.73,36.2 1 1
music-service/internal/repository/interfaces/mocks/genre_repository_mock.go:39.81,44.2 4 0
music-service/internal/repository/interfaces/mocks/genre_repository_mock.go:47.103,50.2 2 0
music-service/internal/repository/interfaces/mocks/genre_repository_mock.go:53.58,58.2 4 0
music-service/internal/repository/interfaces/mocks/genre_repository_mock.go:61.80,64.2 2 0
music-service/internal/repository/interfaces/mocks/genre_repository_mock.go:67.77,73.2 5 0
music-service/internal/repository/interfaces/mocks/genre_repository_mock.go:76.82,79.2 2 0
music-service/internal/repository/interfaces/mocks/genre_repository_mock.go:82.93,88.2 5 1
music-service/internal/repository/interfaces/mocks/genre_repository_mock.go:91.96,94.2 2 1
music-service/internal/repository/interfaces/mocks/genre_repository_mock.go:97.66,103.2 5 1
music-service/internal/repository/interfaces/mocks/genre_repository_mock.go:106.67,109.2 2 1
music-service/internal/repository/interfaces/mocks/genre_repository_mock.go:112.86,117.2 4 1
music-service/internal/repository/interfaces/mocks/genre_repository_mock.go:120.108,123.2 2 1
music-service/internal/repository/interfaces/mocks/genre_repository_mock.go:126.63,131.2 4 1
music-service/internal/repository/interfaces/mocks/genre_repository_mock.go:134.81,137.2 2 1
music-service/internal/repository/interfaces/mocks/history_repository_mock.go:27.79,31.2 3 1
music-service/internal/repository/interfaces/mocks/history_repository_mock.go:34.77,36.2 1 1
music-service/internal/repository/interfaces/mocks/history_repository_mock.go:39.75,44.2 4 1
music-service/internal/repository/interfaces/mocks/history_repository_mock.go:47.97,50.2 2 1
music-service/internal/repository/interfaces/mocks/history_repository_mock.go:53.98,59.2 5 1
music-service/internal/repository/interfaces/mocks/history_repository_mock.go:62.90,65.2 2 1
music-service/internal/repository/interfaces/mocks/playlist_repository_mock.go:27.81,31.2 3 1
music-service/internal/repository/interfaces/mocks/playlist_repository_mock.go:34.79,36.2 1 1
music-service/internal/repository/interfaces/mocks/playlist_repository_mock.go:39.80,44.2 4 0
music-service/internal/repository/interfaces/mocks/playlist_repository_mock.go:47.102,50.2 2 0
music-service/internal/repository/interfaces/mocks/playlist_repository_mock.go:53.61,58.2 4 0
music-service/internal/repository/interfaces/mocks/playlist_repository_mock.go:61.83,64.2 2 0
music-service/internal/repository/interfaces/mocks/playlist_repository_mock.go:67.83,73.2 5 1
music-service/internal/repository/interfaces/mocks/playlist_repository_mock.go:76.85,79.2 2 1
music-service/internal/repository/interfaces/mocks/playlist_repository_mock.go:82.91,88.2 5 1
music-service/internal/repository/interfaces/mocks/playlist_repository_mock.go:91.94,94.2 2 1
music-service/internal/repository/interfaces/mocks/playlist_repository_mock.go:97.97,103.2 5 0
music-service/internal/repository/interfaces/mocks/playlist_repository_mock.go:106.97,109.2 2 0
music-service/internal/repository/interfaces/mocks/playlist_repository_mock.go:112.83,117.2 4 1
music-service/internal/repository/interfaces/mocks/playlist_repository_mock.go:120.105,123.2 2 1
music-service/internal/repository/interfaces/mocks/playlist_repository_mock.go:126.72,131.2 4 1
music-service/internal/repository/interfaces/mocks/playlist_repository_mock.go:134.87,137.2 2 1
music-service/internal/repository/interfaces/mocks/session_repository_mock.go:27.79,31.2 3 1
music-service/internal/repository/interfaces/mocks/session_repository_mock.go:34.77,36.2 1 1
music-service/internal/repository/interfaces/mocks/session_repository_mock.go:39.90,45.2 5 0
music-service/internal/repository/interfaces/mocks/session_repository_mock.go:48.93,51.2 2 0
music-service/internal/repository/interfaces/mocks/session_repository_mock.go:54.74,59.2 4 1
music-service/internal/repository/interfaces/mocks/session_repository_mock.go:62.96,65.2 2 1
music-service/internal/repository/interfaces/mocks/session_repository_mock.go:68.71,73.2 4 0
music-service/internal/repository/interfaces/mocks/session_repository_mock.go:76.96,79.2 2 0
music-service/internal/repository/interfaces/mocks/session_repository_mock.go:82.87,88.2 5 0
music-service/internal/repository/interfaces/mocks/session_repository_mock.go:91.93,94.2 2 0
music-service/internal/repository/interfaces/mocks/track_repository_mock.go:27.75,31.2 3 1
music-service/internal/repository/interfaces/mocks/track_repository_mock.go:34.73,36.2 1 1
music-service/internal/repository/interfaces/mocks/track_repository_mock.go:39.58,44.2 4 1
music-service/internal/repository/interfaces/mocks/track_repository_mock.go:47.80,50.2 2 1
music-service/internal/repository/interfaces/mocks/track_repository_mock.go:53.77,59.2 5 1
music-service/internal/repository/interfaces/mocks/track_repository_mock.go:62.82,65.2 2 1
music-service/internal/repository/interfaces/mocks/track_repository_mock.go:68.75,73.2 4 1
music-service/internal/repository/interfaces/mocks/track_repository_mock.go:76.97,79.2 2 1
music-service/internal/repository/interfaces/mocks/track_repository_mock.go:82.63,87.2 4 1
music-service/internal/repository/interfaces/mocks/track_repository_mock.go:90.81,93.2 2 1
music-service/internal/repository/interfaces/mocks/track_repository_mock.go:96.77,102.2 5 1
music-service/internal/repository/interfaces/mocks/track_repository_mock.go:105.83,108.2 2 1
music-service/internal/repository/interfaces/mocks/user_repository_mock.go:27.73,31.2 3 1
music-service/internal/repository/interfaces/mocks/user_repository_mock.go:34.71,36.2 1 1
music-service/internal/repository/interfaces/mocks/user_repository_mock.go:39.57,44.2 4 1
music-service/internal/repository/interfaces/mocks/user_repository_mock.go:47.79,50.2 2 1
music-service/internal/repository/interfaces/mocks/user_repository_mock.go:53.75,59.2 5 1
music-service/internal/repository/interfaces/mocks/user_repository_mock.go:62.81,65.2 2 1
music-service/internal/repository/interfaces/mocks/user_repository_mock.go:68.60,73.2 4 1
music-service/internal/repository/interfaces/mocks/user_repository_mock.go:76.79,79.2 2 1
music-service/internal/repository/interfaces/mocks/user_repository_mock.go:82.75,88.2 5 1
music-service/internal/repository/interfaces/mocks/user_repository_mock.go:91.82,94.2 2 1
music-service/internal/usecases/album_usecase.go:25.34,30.2 1 1
music-service/internal/usecases/album_usecase.go:32.114,34.39 2 1
music-service/internal/usecases/album_usecase.go:34.39,36.3 1 1
music-service/internal/usecases/album_usecase.go:37.2,37.41 1 1
music-service/internal/usecases/album_usecase.go:37.41,39.3 1 0
music-service/internal/usecases/album_usecase.go:41.2,41.55 1 1
music-service/internal/usecases/album_usecase.go:41.55,43.3 1 0
music-service/internal/usecases/album_usecase.go:45.2,45.20 1 1
music-service/internal/usecases/album_usecase.go:45.20,46.58 1 1
music-service/internal/usecases/album_usecase.go:46.58,48.4 1 1
music-service/internal/usecases/album_usecase.go:51.2,52.16 2 1
music-service/internal/usecases/album_usecase.go:52.16,54.3 1 0
music-service/internal/usecases/album_usecase.go:56.2,56.35 1 1
music-service/internal/usecases/album_usecase.go:56.35,57.40 1 1
music-service/internal/usecases/album_usecase.go:57.40,59.4 1 1
music-service/internal/usecases/album_usecase.go:62.2,70.49 2 1
music-service/internal/usecases/album_usecase.go:70.49,72.3 1 0
music-service/internal/usecases/album_usecase.go:74.2,74.19 1 1
music-service/internal/usecases/album_usecase.go:77.75,79.16 2 1
music-service/internal/usecases/album_usecase.go:79.16,81.3 1 1
music-service/internal/usecases/album_usecase.go:83.2,84.16 2 1
music-service/internal/usecases/album_usecase.go:84.16,86.3 1 0
music-service/internal/usecases/album_usecase.go:88.2,88.59 1 1
music-service/internal/usecases/album_usecase.go:88.59,90.3 1 1
music-service/internal/usecases/album_usecase.go:92.2,93.16 2 1
music-service/internal/usecases/album_usecase.go:93.16,95.3 1 0
music-service/internal/usecases/album_usecase.go:97.2,97.27 1 1
music-service/internal/usecases/album_usecase.go:97.27,98.22 1 1
music-service/internal/usecases/album_usecase.go:98.22,100.4 1 1
music-service/internal/usecases/album_usecase.go:103.2,103.23 1 1
music-service/internal/usecases/album_usecase.go:103.23,105.3 1 1
music-service/internal/usecases/album_usecase.go:107.2,107.71 1 1
music-service/internal/usecases/album_usecase.go:107.71,109.3 1 0
music-service/internal/usecases/album_usecase.go:111.2,112.49 2 1
music-service/internal/usecases/album_usecase.go:112.49,114.3 1 0
music-service/internal/usecases/album_usecase.go:116.2,117.33 2 1
music-service/internal/usecases/album_usecase.go:120.80,122.16 2 1
music-service/internal/usecases/album_usecase.go:122.16,124.3 1 0
music-service/internal/usecases/album_usecase.go:126.2,127.16 2 1
music-service/internal/usecases/album_usecase.go:127.16,129.3 1 0
music-service/internal/usecases/album_usecase.go:131.2,131.30 1 1
music-service/internal/usecases/album_usecase.go:131.30,133.3 1 1
music-service/internal/usecases/album_usecase.go:135.2,135.76 1 1
music-service/internal/usecases/album_usecase.go:135.76,137.3 1 0
music-service/internal/usecases/album_usecase.go:139.2,140.49 2 1
music-service/internal/usecases/album_usecase.go:140.49,142.3 1 0
music-service/internal/usecases/album_usecase.go:144.2,145.33 2 1
music-service/internal/usecases/album_usecase.go:148.100,150.16 2 1
music-service/internal/usecases/album_usecase.go:150.16,152.3 1 0
music-service/internal/usecases/album_usecase.go:154.2,155.16 2 1
music-service/internal/usecases/album_usecase.go:155.16,157.3 1 0
music-service/internal/usecases/album_usecase.go:159.2,161.27 2 1
music-service/internal/usecases/album_usecase.go:164.113,166.16 2 1
music-service/internal/usecases/album_usecase.go:166.16,168.3 1 0
music-service/internal/usecases/album_usecase.go:170.2,170.17 1 1
music-service/internal/usecases/album_usecase.go:170.17,172.40 2 1
music-service/internal/usecases/album_usecase.go:172.40,174.4 1 1
music-service/internal/usecases/album_usecase.go:175.3,175.42 1 1
music-service/internal/usecases/album_usecase.go:175.42,177.4 1 0
music-service/internal/usecases/album_usecase.go:178.3,178.22 1 1
music-service/internal/usecases/album_usecase.go:181.2,181.20 1 1
music-service/internal/usecases/album_usecase.go:181.20,182.58 1 1
music-service/internal/usecases/album_usecase.go:182.58,184.4 1 0
music-service/internal/usecases/album_usecase.go:185.3,185.28 1 1
music-service/internal/usecases/album_usecase.go:188.2,188.27 1 1
music-service/internal/usecases/album_usecase.go:188.27,189.56 1 0
music-service/internal/usecases/album_usecase.go:189.56,191.4 1 0
music-service/internal/usecases/album_usecase.go:192.3,192.34 1 0
music-service/internal/usecases/album_usecase.go:195.2,196.33 2 1
music-service/internal/usecases/album_usecase.go:199.41,200.37 1 1
music-service/internal/usecases/album_usecase.go:200.37,201.40 1 0
music-service/internal/usecases/album_usecase.go:201.40,202.53 1 0
music-service/internal/usecases/album_usecase.go:202.53,204.5 1 0
music-service/internal/usecases/genre_usecase.go:23.34,28.2 1 1
music-service/internal/usecases/genre_usecase.go:30.73,32.38 2 1
music-service/internal/usecases/genre_usecase.go:32.38,34.3 1 1
music-service/internal/usecases/genre_usecase.go:35.2,35.39 1 1
music-service/internal/usecases/genre_usecase.go:35.39,37.3 1 1
music-service/internal/usecases/genre_usecase.go:38.2,39.16 2 1
music-service/internal/usecases/genre_usecase.go:39.16,41.3 1 0
music-service/internal/usecases/genre_usecase.go:42.2,42.35 1 1
music-service/internal/usecases/genre_usecase.go:42.35,43.38 1 1
music-service/internal/usecases/genre_usecase.go:43.38,45.4 1 1
music-service/internal/usecases/genre_usecase.go:47.2,50.49 2 1
music-service/internal/usecases/genre_usecase.go:50.49,52.3 1 1
music-service/internal/usecases/genre_usecase.go:53.2,53.19 1 1
music-service/internal/usecases/genre_usecase.go:56.86,57.58 1 1
music-service/internal/usecases/genre_usecase.go:57.58,59.3 1 1
music-service/internal/usecases/genre_usecase.go:60.2,61.16 2 1
music-service/internal/usecases/genre_usecase.go:61.16,63.3 1 1
music-service/internal/usecases/genre_usecase.go:64.2,64.20 1 1
music-service/internal/usecases/genre_usecase.go:67.66,69.16 2 1
music-service/internal/usecases/genre_usecase.go:69.16,71.3 1 1
music-service/internal/usecases/genre_usecase.go:73.2,73.37 1 1
music-service/internal/usecases/genre_usecase.go:73.37,74.40 1 1
music-service/internal/usecases/genre_usecase.go:74.40,75.59 1 1
music-service/internal/usecases/genre_usecase.go:75.59,77.5 1 1
music-service/internal/usecases/genre_usecase.go:81.2,81.20 1 1
music-service/internal/usecases/genre_usecase.go:84.78,85.58 1 0
music-service/internal/usecases/genre_usecase.go:85.58,87.3 1 0
music-service/internal/usecases/genre_usecase.go:88.2,88.58 1 0
music-service/internal/usecases/genre_usecase.go:88.58,90.3 1 0
music-service/internal/usecases/genre_usecase.go:91.2,92.16 2 0
music-service/internal/usecases/genre_usecase.go:92.16,94.3 1 0
music-service/internal/usecases/genre_usecase.go:95.2,95.34 1 0
music-service/internal/usecases/genre_usecase.go:95.34,96.22 1 0
music-service/internal/usecases/genre_usecase.go:96.22,98.4 1 0
music-service/internal/usecases/genre_usecase.go:100.2,100.29 1 0
music-service/internal/usecases/genre_usecase.go:100.29,102.3 1 0
music-service/internal/usecases/genre_usecase.go:104.2,104.71 1 0
music-service/internal/usecases/genre_usecase.go:104.71,106.3 1 0
music-service/internal/usecases/genre_usecase.go:108.2,108.12 1 0
music-service/internal/usecases/genre_usecase.go:111.80,113.16 2 1
music-service/internal/usecases/genre_usecase.go:113.16,115.3 1 0
music-service/internal/usecases/genre_usecase.go:117.2,118.27 2 1
music-service/internal/usecases/genre_usecase.go:118.27,119.22 1 1
music-service/internal/usecases/genre_usecase.go:119.22,121.9 2 1
music-service/internal/usecases/genre_usecase.go:125.2,125.12 1 1
music-service/internal/usecases/genre_usecase.go:125.12,127.3 1 1
music-service/internal/usecases/genre_usecase.go:129.2,129.76 1 1
music-service/internal/usecases/genre_usecase.go:129.76,131.3 1 1
music-service/internal/usecases/genre_usecase.go:133.2,133.12 1 1
music-service/internal/usecases/history_usecase.go:23.36,28.2 1 1
music-service/internal/usecases/history_usecase.go:30.85,32.16 2 1
music-service/internal/usecases/history_usecase.go:32.16,34.3 1 1
music-service/internal/usecases/history_usecase.go:35.2,35.25 1 1
music-service/internal/usecases/history_usecase.go:35.25,37.3 1 1
music-service/internal/usecases/history_usecase.go:39.2,40.16 2 1
music-service/internal/usecases/history_usecase.go:40.16,42.3 1 0
music-service/internal/usecases/history_usecase.go:44.2,45.32 2 1
music-service/internal/usecases/history_usecase.go:45.32,46.79 1 1
music-service/internal/usecases/history_usecase.go:46.79,48.24 2 1
music-service/internal/usecases/history_usecase.go:48.24,50.5 1 1
music-service/internal/usecases/history_usecase.go:54.2,54.65 1 1
music-service/internal/usecases/history_usecase.go:54.65,56.3 1 1
music-service/internal/usecases/history_usecase.go:58.2,58.12 1 1
music-service/internal/usecases/history_usecase.go:61.96,63.16 2 1
music-service/internal/usecases/history_usecase.go:63.16,65.3 1 0
music-service/internal/usecases/history_usecase.go:67.2,67.42 1 1
music-service/internal/usecases/history_usecase.go:67.42,69.3 1 1
music-service/internal/usecases/history_usecase.go:71.2,72.36 2 1
music-service/internal/usecases/history_usecase.go:72.36,74.3 1 1
music-service/internal/usecases/history_usecase.go:76.2,76.21 1 1
music-service/internal/usecases/history_usecase.go:79.118,81.16 2 1
music-service/internal/usecases/history_usecase.go:81.16,83.3 1 0
music-service/internal/usecases/history_usecase.go:85.2,88.32 3 1
music-service/internal/usecases/history_usecase.go:88.32,89.42 1 1
music-service/internal/usecases/history_usecase.go:89.42,91.4 1 1
music-service/internal/usecases/history_usecase.go:94.2,94.20 1 1
music-service/internal/usecases/playlist_usecase.go:24.37,30.2 1 1
music-service/internal/usecases/playlist_usecase.go:32.113,33.56 1 0
music-service/internal/usecases/playlist_usecase.go:33.56,35.3 1 0
music-service/internal/usecases/playlist_usecase.go:37.2,37.19 1 0
music-service/internal/usecases/playlist_usecase.go:37.19,39.3 1 0
music-service/internal/usecases/playlist_usecase.go:40.2,40.21 1 0
music-service/internal/usecases/playlist_usecase.go:40.21,42.3 1 0
music-service/internal/usecases/playlist_usecase.go:43.2,43.28 1 0
music-service/internal/usecases/playlist_usecase.go:43.28,45.3 1 0
music-service/internal/usecases/playlist_usecase.go:47.2,56.55 2 0
music-service/internal/usecases/playlist_usecase.go:56.55,58.3 1 0
music-service/internal/usecases/playlist_usecase.go:60.2,60.22 1 0
music-service/internal/usecases/playlist_usecase.go:63.84,65.16 2 0
music-service/internal/usecases/playlist_usecase.go:65.16,67.3 1 0
music-service/internal/usecases/playlist_usecase.go:69.2,69.58 1 0
music-service/internal/usecases/playlist_usecase.go:69.58,71.3 1 0
music-service/internal/usecases/playlist_usecase.go:73.2,74.16 2 0
music-service/internal/usecases/playlist_usecase.go:74.16,76.3 1 0
music-service/internal/usecases/playlist_usecase.go:78.2,78.27 1 0
music-service/internal/usecases/playlist_usecase.go:78.27,79.22 1 0
music-service/internal/usecases/playlist_usecase.go:79.22,81.4 1 0
music-service/internal/usecases/playlist_usecase.go:84.2,84.25 1 0
music-service/internal/usecases/playlist_usecase.go:84.25,86.3 1 0
music-service/internal/usecases/playlist_usecase.go:88.2,88.70 1 0
music-service/internal/usecases/playlist_usecase.go:88.70,90.3 1 0
music-service/internal/usecases/playlist_usecase.go:92.2,93.39 2 0
music-service/internal/usecases/playlist_usecase.go:96.89,98.16 2 1
music-service/internal/usecases/playlist_usecase.go:98.16,100.3 1 0
music-service/internal/usecases/playlist_usecase.go:102.2,103.16 2 1
music-service/internal/usecases/playlist_usecase.go:103.16,105.3 1 0
music-service/internal/usecases/playlist_usecase.go:107.2,108.27 2 1
music-service/internal/usecases/playlist_usecase.go:108.27,109.22 1 1
music-service/internal/usecases/playlist_usecase.go:109.22,111.9 2 1
music-service/internal/usecases/playlist_usecase.go:115.2,115.12 1 1
music-service/internal/usecases/playlist_usecase.go:115.12,117.3 1 0
music-service/internal/usecases/playlist_usecase.go:119.2,119.73 1 1
music-service/internal/usecases/playlist_usecase.go:119.73,121.3 1 0
music-service/internal/usecases/playlist_usecase.go:123.2,124.39 2 1
music-service/internal/usecases/playlist_usecase.go:127.99,129.16 2 0
music-service/internal/usecases/playlist_usecase.go:129.16,131.3 1 0
music-service/internal/usecases/playlist_usecase.go:133.2,133.19 1 0
music-service/internal/usecases/playlist_usecase.go:133.19,134.20 1 0
music-service/internal/usecases/playlist_usecase.go:134.20,136.4 1 0
music-service/internal/usecases/playlist_usecase.go:137.3,137.22 1 0
music-service/internal/usecases/playlist_usecase.go:137.22,139.4 1 0
music-service/internal/usecases/playlist_usecase.go:140.3,140.23 1 0
music-service/internal/usecases/playlist_usecase.go:143.2,143.26 1 0
music-service/internal/usecases/playlist_usecase.go:143.26,144.29 1 0
music-service/internal/usecases/playlist_usecase.go:144.29,146.4 1 0
music-service/internal/usecases/playlist_usecase.go:147.3,147.37 1 0
music-service/internal/usecases/playlist_usecase.go:150.2,151.39 2 0
music-service/internal/usecases/playlist_usecase.go:154.93,155.64 1 0
music-service/internal/usecases/playlist_usecase.go:155.64,157.3 1 0
music-service/internal/usecases/playlist_usecase.go:159.2,160.16 2 0
music-service/internal/usecases/playlist_usecase.go:160.16,162.3 1 0
music-service/internal/usecases/playlist_usecase.go:164.2,164.20 1 0
music-service/internal/usecases/playlist_usecase.go:167.103,169.16 2 0
music-service/internal/usecases/playlist_usecase.go:169.16,171.3 1 0
music-service/internal/usecases/playlist_usecase.go:173.2,174.16 2 0
music-service/internal/usecases/playlist_usecase.go:174.16,176.3 1 0
music-service/internal/usecases/playlist_usecase.go:178.2,181.8 1 0
music-service/internal/usecases/track_usecase.go:24.34,30.2 1 1
music-service/internal/usecases/track_usecase.go:32.77,33.20 1 1
music-service/internal/usecases/track_usecase.go:33.20,35.3 1 1
music-service/internal/usecases/track_usecase.go:37.2,38.16 2 1
music-service/internal/usecases/track_usecase.go:38.16,40.3 1 1
music-service/internal/usecases/track_usecase.go:42.2,42.20 1 1
music-service/internal/usecases/track_usecase.go:45.68,47.16 2 1
music-service/internal/usecases/track_usecase.go:47.16,49.3 1 1
music-service/internal/usecases/track_usecase.go:50.2,50.31 1 1
music-service/internal/usecases/track_usecase.go:50.31,51.65 1 0
music-service/internal/usecases/track_usecase.go:51.65,53.4 1 0
music-service/internal/usecases/track_usecase.go:55.2,55.65 1 1
music-service/internal/usecases/track_usecase.go:55.65,57.3 1 1
music-service/internal/usecases/track_usecase.go:59.2,59.12 1 1
music-service/internal/usecases/track_usecase.go:59.12,61.3 1 1
music-service/internal/usecases/track_usecase.go:63.2,63.12 1 1
music-service/internal/usecases/track_usecase.go:66.83,68.16 2 1
music-service/internal/usecases/track_usecase.go:68.16,70.3 1 1
music-service/internal/usecases/track_usecase.go:71.2,71.19 1 1
music-service/internal/usecases/track_usecase.go:74.103,76.16 2 1
music-service/internal/usecases/track_usecase.go:76.16,78.3 1 0
music-service/internal/usecases/track_usecase.go:80.2,80.64 1 1
music-service/internal/usecases/track_usecase.go:80.64,81.23 1 1
music-service/internal/usecases/track_usecase.go:81.23,83.4 1 1
music-service/internal/usecases/track_usecase.go:84.3,84.22 1 0
music-service/internal/usecases/track_usecase.go:87.2,87.72 1 1
music-service/internal/usecases/track_usecase.go:87.72,89.3 1 0
music-service/internal/usecases/track_usecase.go:91.2,91.80 1 1
music-service/internal/usecases/track_usecase.go:91.80,92.59 1 1
music-service/internal/usecases/track_usecase.go:92.59,94.4 1 1
music-service/internal/usecases/track_usecase.go:95.3,95.26 1 0
music-service/internal/usecases/track_usecase.go:98.2,99.33 2 0
music-service/internal/usecases/track_usecase.go:102.62,103.58 1 1
music-service/internal/usecases/track_usecase.go:103.58,105.3 1 1
music-service/internal/usecases/track_usecase.go:107.2,107.37 1 1
music-service/internal/usecases/track_usecase.go:110.41,114.2 3 0
music-service/internal/usecases/user_usecase.go:20.33,25.2 1 1
music-service/internal/usecases/user_usecase.go:27.79,28.20 1 1
music-service/internal/usecases/user_usecase.go:28.20,30.3 1 1
music-service/internal/usecases/user_usecase.go:31.2,31.23 1 1
music-service/internal/usecases/user_usecase.go:31.23,33.3 1 1
music-service/internal/usecases/user_usecase.go:35.2,36.16 2 1
music-service/internal/usecases/user_usecase.go:36.16,38.3 1 0
music-service/internal/usecases/user_usecase.go:39.2,39.20 1 1
music-service/internal/usecases/user_usecase.go:39.20,41.3 1 1
music-service/internal/usecases/user_usecase.go:43.2,49.47 2 1
music-service/internal/usecases/user_usecase.go:49.47,51.3 1 0
music-service/internal/usecases/user_usecase.go:53.2,53.18 1 1
music-service/internal/usecases/user_usecase.go:56.100,58.35 2 1
music-service/internal/usecases/user_usecase.go:58.35,60.3 1 1
music-service/internal/usecases/user_usecase.go:62.2,63.49 2 1
music-service/internal/usecases/user_usecase.go:63.49,65.3 1 1
music-service/internal/usecases/user_usecase.go:67.2,68.16 2 0
music-service/internal/usecases/user_usecase.go:68.16,70.3 1 0
music-service/internal/usecases/user_usecase.go:72.2,72.27 1 0
music-service/internal/usecases/user_usecase.go:75.79,77.2 1 1
music-service/internal/usecases/user_usecase.go:79.96,81.16 2 1
music-service/internal/usecases/user_usecase.go:81.16,83.3 1 1
music-service/internal/usecases/user_usecase.go:85.2,86.31 2 1
music-service/internal/usecases/user_usecase.go:89.59,90.64 1 1
music-service/internal/usecases/user_usecase.go:90.64,92.3 1 0
music-service/internal/usecases/user_usecase.go:93.2,93.35 1 1
music-service/internal/usecases/user_usecase.go:96.43,98.2 1 1
music-service/internal/usecases/user_usecase.go:100.52,102.2 1 1
